# JRE version: OpenJDK Runtime Environment (23.0.1+11) (build 23.0.1+11-39)
# Java VM: OpenJDK 64-Bit Server VM (23.0.1+11-39, mixed mode, sharing, tiered, compressed oops, compressed class ptrs, g1 gc, windows-amd64)
GC Precious Log:
 CardTable entry size: 512
 Card Set container configuration: InlinePtr #cards 4 size 8 Array Of Cards #cards 16 size 48 Howl #buckets 8 coarsen threshold 3686 Howl Bitmap #cards 512 size 80 coarsen threshold 460 Card regions per heap region 1 cards per card region 4096
 CPUs: 4 total, 4 available
 Memory: 14284M
 Large Page Support: Disabled
 NUMA Support: Disabled
 Compressed Oops: Enabled (Zero based)
 Heap Region Size: 2M
 Heap Min Capacity: 8M
 Heap Initial Capacity: 224M
 Heap Max Capacity: 3572M
 Pre-touch: Disabled
 Parallel Workers: 4
 Concurrent Workers: 1
 Concurrent Refinement Workers: 4
 Periodic GC: Disabled
Heap:
 garbage-first heap   total reserved 3657728K, committed 137216K, used 63669K [0x0000000720c00000, 0x0000000800000000)
  region size 2048K, 11 young (22528K), 2 survivors (4096K)
 Metaspace       used 89316K, committed 90304K, reserved 1179648K
  class space    used 12333K, committed 12800K, reserved 1048576K
GC Heap History (20 events):
Event: 3870.781 GC heap before
{Heap before GC invocations=35 (full 0):
 garbage-first heap   total reserved 3657728K, committed 141312K, used 99786K [0x0000000720c00000, 0x0000000800000000)
  region size 2048K, 29 young (59392K), 2 survivors (4096K)
 Metaspace       used 87066K, committed 88000K, reserved 1179648K
  class space    used 12279K, committed 12672K, reserved 1048576K
}
Event: 3871.387 GC heap after
{Heap after GC invocations=36 (full 1):
 garbage-first heap   total reserved 3657728K, committed 137216K, used 38515K [0x0000000720c00000, 0x0000000800000000)
  region size 2048K, 0 young (0K), 0 survivors (0K)
 Metaspace       used 87066K, committed 88000K, reserved 1179648K
  class space    used 12279K, committed 12672K, reserved 1048576K
}
Event: 3877.670 GC heap before
{Heap before GC invocations=36 (full 1):
 garbage-first heap   total reserved 3657728K, committed 137216K, used 120435K [0x0000000720c00000, 0x0000000800000000)
  region size 2048K, 40 young (81920K), 0 survivors (0K)
 Metaspace       used 87800K, committed 88704K, reserved 1179648K
  class space    used 12355K, committed 12736K, reserved 1048576K
}
Event: 3877.682 GC heap after
{Heap after GC invocations=37 (full 1):
 garbage-first heap   total reserved 3657728K, committed 137216K, used 45737K [0x0000000720c00000, 0x0000000800000000)
  region size 2048K, 4 young (8192K), 4 survivors (8192K)
 Metaspace       used 87800K, committed 88704K, reserved 1179648K
  class space    used 12355K, committed 12736K, reserved 1048576K
}
Event: 3878.740 GC heap before
{Heap before GC invocations=37 (full 1):
 garbage-first heap   total reserved 3657728K, committed 137216K, used 115369K [0x0000000720c00000, 0x0000000800000000)
  region size 2048K, 39 young (79872K), 4 survivors (8192K)
 Metaspace       used 88875K, committed 89792K, reserved 1179648K
  class space    used 12400K, committed 12800K, reserved 1048576K
}
Event: 3878.748 GC heap after
{Heap after GC invocations=38 (full 1):
 garbage-first heap   total reserved 3657728K, committed 137216K, used 50320K [0x0000000720c00000, 0x0000000800000000)
  region size 2048K, 3 young (6144K), 3 survivors (6144K)
 Metaspace       used 88875K, committed 89792K, reserved 1179648K
  class space    used 12400K, committed 12800K, reserved 1048576K
}
Event: 3913.282 GC heap before
{Heap before GC invocations=38 (full 1):
 garbage-first heap   total reserved 3657728K, committed 137216K, used 117904K [0x0000000720c00000, 0x0000000800000000)
  region size 2048K, 36 young (73728K), 3 survivors (6144K)
 Metaspace       used 89317K, committed 90176K, reserved 1179648K
  class space    used 12423K, committed 12800K, reserved 1048576K
}
Event: 3913.287 GC heap after
{Heap after GC invocations=39 (full 1):
 garbage-first heap   total reserved 3657728K, committed 137216K, used 51042K [0x0000000720c00000, 0x0000000800000000)
  region size 2048K, 3 young (6144K), 3 survivors (6144K)
 Metaspace       used 89317K, committed 90176K, reserved 1179648K
  class space    used 12423K, committed 12800K, reserved 1048576K
}
Event: 4238.313 GC heap before
{Heap before GC invocations=40 (full 1):
 garbage-first heap   total reserved 3657728K, committed 137216K, used 118626K [0x0000000720c00000, 0x0000000800000000)
  region size 2048K, 36 young (73728K), 3 survivors (6144K)
 Metaspace       used 88970K, committed 90176K, reserved 1179648K
  class space    used 12325K, committed 12800K, reserved 1048576K
}
Event: 4238.318 GC heap after
{Heap after GC invocations=41 (full 1):
 garbage-first heap   total reserved 3657728K, committed 137216K, used 51369K [0x0000000720c00000, 0x0000000800000000)
  region size 2048K, 2 young (4096K), 2 survivors (4096K)
 Metaspace       used 88970K, committed 90176K, reserved 1179648K
  class space    used 12325K, committed 12800K, reserved 1048576K
}
Event: 4565.032 GC heap before
{Heap before GC invocations=41 (full 1):
 garbage-first heap   total reserved 3657728K, committed 137216K, used 118953K [0x0000000720c00000, 0x0000000800000000)
  region size 2048K, 35 young (71680K), 2 survivors (4096K)
 Metaspace       used 88970K, committed 90176K, reserved 1179648K
  class space    used 12325K, committed 12800K, reserved 1048576K
}
Event: 4565.056 GC heap after
{Heap after GC invocations=42 (full 1):
 garbage-first heap   total reserved 3657728K, committed 137216K, used 47477K [0x0000000720c00000, 0x0000000800000000)
  region size 2048K, 1 young (2048K), 1 survivors (2048K)
 Metaspace       used 88970K, committed 90176K, reserved 1179648K
  class space    used 12325K, committed 12800K, reserved 1048576K
}
Event: 4929.319 GC heap before
{Heap before GC invocations=42 (full 1):
 garbage-first heap   total reserved 3657728K, committed 137216K, used 125301K [0x0000000720c00000, 0x0000000800000000)
  region size 2048K, 39 young (79872K), 1 survivors (2048K)
 Metaspace       used 89109K, committed 90176K, reserved 1179648K
  class space    used 12333K, committed 12800K, reserved 1048576K
}
Event: 4929.321 GC heap after
{Heap after GC invocations=43 (full 1):
 garbage-first heap   total reserved 3657728K, committed 137216K, used 48004K [0x0000000720c00000, 0x0000000800000000)
  region size 2048K, 2 young (4096K), 2 survivors (4096K)
 Metaspace       used 89109K, committed 90176K, reserved 1179648K
  class space    used 12333K, committed 12800K, reserved 1048576K
}
Event: 5282.311 GC heap before
{Heap before GC invocations=43 (full 1):
 garbage-first heap   total reserved 3657728K, committed 137216K, used 121732K [0x0000000720c00000, 0x0000000800000000)
  region size 2048K, 38 young (77824K), 2 survivors (4096K)
 Metaspace       used 89233K, committed 90304K, reserved 1179648K
  class space    used 12333K, committed 12800K, reserved 1048576K
}
Event: 5282.315 GC heap after
{Heap after GC invocations=44 (full 1):
 garbage-first heap   total reserved 3657728K, committed 137216K, used 48271K [0x0000000720c00000, 0x0000000800000000)
  region size 2048K, 2 young (4096K), 2 survivors (4096K)
 Metaspace       used 89233K, committed 90304K, reserved 1179648K
  class space    used 12333K, committed 12800K, reserved 1048576K
}
Event: 5633.184 GC heap before
{Heap before GC invocations=45 (full 1):
 garbage-first heap   total reserved 3657728K, committed 137216K, used 121999K [0x0000000720c00000, 0x0000000800000000)
  region size 2048K, 38 young (77824K), 2 survivors (4096K)
 Metaspace       used 89260K, committed 90304K, reserved 1179648K
  class space    used 12331K, committed 12800K, reserved 1048576K
}
Event: 5633.187 GC heap after
{Heap after GC invocations=46 (full 1):
 garbage-first heap   total reserved 3657728K, committed 137216K, used 47955K [0x0000000720c00000, 0x0000000800000000)
  region size 2048K, 2 young (4096K), 2 survivors (4096K)
 Metaspace       used 89260K, committed 90304K, reserved 1179648K
  class space    used 12331K, committed 12800K, reserved 1048576K
}
Event: 5979.384 GC heap before
{Heap before GC invocations=46 (full 1):
 garbage-first heap   total reserved 3657728K, committed 137216K, used 121683K [0x0000000720c00000, 0x0000000800000000)
  region size 2048K, 38 young (77824K), 2 survivors (4096K)
 Metaspace       used 89307K, committed 90304K, reserved 1179648K
  class space    used 12331K, committed 12800K, reserved 1048576K
}
Event: 5979.393 GC heap after
{Heap after GC invocations=47 (full 1):
 garbage-first heap   total reserved 3657728K, committed 137216K, used 47285K [0x0000000720c00000, 0x0000000800000000)
  region size 2048K, 2 young (4096K), 2 survivors (4096K)
 Metaspace       used 89307K, committed 90304K, reserved 1179648K
  class space    used 12331K, committed 12800K, reserved 1048576K
}

